[22:45:50] [ServerMain/INFO]: Environment: Environment[sessionHost=https://sessionserver.mojang.com, servicesHost=https://api.minecraftservices.com, name=PROD]
[22:45:52] [ServerMain/INFO]: Loaded 1174 recipes
[22:45:52] [ServerMain/INFO]: Loaded 1271 advancements
[22:45:52] [Server thread/INFO]: Starting minecraft server version 1.20.4
[22:45:52] [Server thread/INFO]: Loading properties
[22:45:52] [Server thread/INFO]: This server is running Paper version git-Paper-459 (MC: 1.20.4) (Implementing API version 1.20.4-R0.1-SNAPSHOT) (Git: 88419b2)
[22:45:52] [Server thread/INFO]: Server Ping Player Sample Count: 12
[22:45:52] [Server thread/INFO]: Using 4 threads for Netty based IO
[22:45:52] [Server thread/WARN]: [!] The timings profiler has been enabled but has been scheduled for removal from Paper in the future.
    We recommend installing the spark profiler as a replacement: https://spark.lucko.me/
    For more information please visit: https://github.com/PaperMC/Paper/issues/8948
[22:45:52] [Server thread/INFO]: [ChunkTaskScheduler] Chunk system is using 1 I/O threads, 5 worker threads, and gen parallelism of 5 threads
[22:45:52] [Server thread/INFO]: Default game type: CREATIVE
[22:45:52] [Server thread/INFO]: Generating keypair
[22:45:53] [Server thread/INFO]: Starting Minecraft server on *:25565
[22:45:53] [Server thread/INFO]: Using default channel type
[22:45:53] [Server thread/INFO]: Paper: Using Java compression from Velocity.
[22:45:53] [Server thread/INFO]: Paper: Using Java cipher from Velocity.
[22:45:53] [Server thread/INFO]: [WorldEdit] Loading server plugin WorldEdit v7.3.0+6678-55745ad
[22:45:53] [Server thread/INFO]: Got request to register class com.sk89q.worldedit.bukkit.BukkitServerInterface with WorldEdit [com.sk89q.worldedit.extension.platform.PlatformManager@766550b9]
[22:45:53] [Server thread/INFO]: [Tower_Defense] Loading server plugin Tower_Defense v1.0-SNAPSHOT
[22:45:53] [Server thread/INFO]: [PlugManX] Loading server plugin PlugManX v2.3.5
[22:45:53] [Server thread/INFO]: Server permissions file permissions.yml is empty, ignoring it
[22:45:53] [Server thread/INFO]: [WorldEdit] Enabling WorldEdit v7.3.0+6678-55745ad
[22:45:53] [Server thread/INFO]: Registering commands with com.sk89q.worldedit.bukkit.BukkitServerInterface
[22:45:53] [Server thread/INFO]: WEPIF: Using the Bukkit Permissions API.
[22:45:53] [Server thread/INFO]: Using com.sk89q.worldedit.bukkit.adapter.impl.v1_20_R3.PaperweightAdapter as the Bukkit adapter
[22:45:54] [Server thread/INFO]: [PlugManX] Enabling PlugManX v2.3.5
[22:45:54] [Server thread/WARN]: ~~~~~~~~~~~~~~~~~~~~~~~~~~~~~~~~~~~~~~~~~~~~~~~~~~~~~~~~~~~~~~~~~~~~~~
[22:45:54] [Server thread/WARN]: It seems like you're running on paper.
[22:45:54] [Server thread/WARN]: This may cause issues.
[22:45:54] [Server thread/WARN]: If you encounter any issues, please join my dicord: https://discord.gg/dBhfCzdZxq
[22:45:54] [Server thread/WARN]: Or create an issue on GitHub: https://github.com/TheBlackEntity/PlugMan
[22:45:54] [Server thread/WARN]: ~~~~~~~~~~~~~~~~~~~~~~~~~~~~~~~~~~~~~~~~~~~~~~~~~~~~~~~~~~~~~~~~~~~~~~
[22:45:54] [Server thread/INFO]: Preparing level "TD_world"
[22:45:55] [Server thread/INFO]: Preparing start region for dimension minecraft:overworld
[22:45:55] [Server thread/INFO]: Time elapsed: 141 ms
[22:45:55] [Server thread/INFO]: [Tower_Defense] Enabling Tower_Defense v1.0-SNAPSHOT
[22:45:55] [Server thread/INFO]: Tower_Defenseプラグインが有効化されました
[22:45:55] [Server thread/INFO]: Running delayed init tasks
[22:45:55] [Server thread/INFO]: Done (3.550s)! For help, type "help"
[22:45:55] [Server thread/INFO]: Timings Reset
[22:46:02] [User Authenticator #0/INFO]: UUID of player Yukki_Moru is 3f9b8020-5e20-4269-a604-f0fb47c8abc3
[22:46:02] [Server thread/INFO]: Yukki_Moru joined the game
[22:46:02] [Server thread/INFO]: Yukki_Moru[/127.0.0.1:57902] logged in with entity id 4 at ([TD_world]-73.73075209051568, -16.50686437716877, 11.558245781929948)
[22:46:12] [Server thread/INFO]: Yukki_Moru issued server command: /td kill
[22:46:12] [Server thread/INFO]: Command kill has been executed!
[22:46:12] [Server thread/INFO]: Killed 3 entities
[22:46:13] [Server thread/INFO]: Yukki_Moru issued server command: /td kill
[22:46:13] [Server thread/INFO]: Command kill has been executed!
[22:46:13] [Server thread/INFO]: Killed 3 entities
[22:46:22] [Server thread/INFO]: Environment: Environment[sessionHost=https://sessionserver.mojang.com, servicesHost=https://api.minecraftservices.com, name=PROD]
[22:46:37] [Server thread/INFO]: Yukki_Moru issued server command: /td kill
[22:46:37] [Server thread/INFO]: Command kill has been executed!
[22:46:37] [Server thread/INFO]: Killed 200 entities
[22:46:38] [Server thread/INFO]: Yukki_Moru issued server command: /td kill
[22:46:38] [Server thread/INFO]: Command kill has been executed!
[22:46:38] [Server thread/INFO]: Killed 21 entities
[22:46:40] [Server thread/INFO]: Yukki_Moru issued server command: /td kill
[22:46:40] [Server thread/INFO]: Command kill has been executed!
[22:46:40] [Server thread/INFO]: No entity was found
[22:46:50] [Server thread/INFO]: Yukki_Moru issued server command: /whitelist add taigatappuri
[22:46:51] [Server thread/INFO]: [Yukki_Moru: Added taigatappuri to the whitelist]
[22:46:57] [Server thread/INFO]: Yukki_Moru issued server command: /whitelist add ichitototo_1
[22:46:57] [Server thread/INFO]: [Yukki_Moru: Added ichitototo_1 to the whitelist]
[22:47:00] [Server thread/INFO]: Yukki_Moru issued server command: /stop
[22:47:00] [Server thread/INFO]: [Yukki_Moru: Stopping the server]
[22:47:00] [Server thread/INFO]: Stopping server
[22:47:00] [Server thread/INFO]: [PlugManX] Disabling PlugManX v2.3.5
[22:47:00] [Server thread/INFO]: [Tower_Defense] Disabling Tower_Defense v1.0-SNAPSHOT
[22:47:00] [Server thread/WARN]: org.sqlite.SQLiteException: [SQLITE_ERROR] SQL error or missing database (near "SHUTDOWN": syntax error)
[22:47:00] [Server thread/WARN]: 	at org.sqlite.core.DB.newSQLException(DB.java:1179)
[22:47:00] [Server thread/WARN]: 	at org.sqlite.core.DB.newSQLException(DB.java:1190)
[22:47:00] [Server thread/WARN]: 	at org.sqlite.core.DB.throwex(DB.java:1150)
[22:47:00] [Server thread/WARN]: 	at org.sqlite.core.NativeDB.prepare_utf8(Native Method)
[22:47:00] [Server thread/WARN]: 	at org.sqlite.core.NativeDB.prepare(NativeDB.java:126)
[22:47:00] [Server thread/WARN]: 	at org.sqlite.core.DB.prepare(DB.java:264)
[22:47:00] [Server thread/WARN]: 	at org.sqlite.jdbc3.JDBC3Statement.lambda$execute$0(JDBC3Statement.java:51)
[22:47:00] [Server thread/WARN]: 	at org.sqlite.jdbc3.JDBC3Statement.withConnectionTimeout(JDBC3Statement.java:454)
[22:47:00] [Server thread/WARN]: 	at org.sqlite.jdbc3.JDBC3Statement.execute(JDBC3Statement.java:40)
[22:47:00] [Server thread/WARN]: 	at Tower_Defense-1.0-SNAPSHOT.jar//org.moru.tower_defense.SQLite.shutdown(SQLite.java:88)
[22:47:00] [Server thread/WARN]: 	at Tower_Defense-1.0-SNAPSHOT.jar//org.moru.tower_defense.Tower_Defense.onDisable(Tower_Defense.java:37)
[22:47:00] [Server thread/WARN]: 	at org.bukkit.plugin.java.JavaPlugin.setEnabled(JavaPlugin.java:290)
[22:47:00] [Server thread/WARN]: 	at io.papermc.paper.plugin.manager.PaperPluginInstanceManager.disablePlugin(PaperPluginInstanceManager.java:223)
[22:47:00] [Server thread/WARN]: 	at io.papermc.paper.plugin.manager.PaperPluginInstanceManager.disablePlugins(PaperPluginInstanceManager.java:147)
[22:47:00] [Server thread/WARN]: 	at io.papermc.paper.plugin.manager.PaperPluginManagerImpl.disablePlugins(PaperPluginManagerImpl.java:92)
[22:47:00] [Server thread/WARN]: 	at org.bukkit.plugin.SimplePluginManager.disablePlugins(SimplePluginManager.java:528)
[22:47:00] [Server thread/WARN]: 	at org.bukkit.craftbukkit.v1_20_R3.CraftServer.disablePlugins(CraftServer.java:570)
[22:47:00] [Server thread/WARN]: 	at net.minecraft.server.MinecraftServer.t(MinecraftServer.java:974)
[22:47:00] [Server thread/WARN]: 	at net.minecraft.server.dedicated.DedicatedServer.t(DedicatedServer.java:822)
[22:47:00] [Server thread/WARN]: 	at net.minecraft.server.MinecraftServer.w(MinecraftServer.java:1265)
[22:47:00] [Server thread/WARN]: 	at net.minecraft.server.MinecraftServer.lambda$spin$0(MinecraftServer.java:319)
[22:47:00] [Server thread/WARN]: 	at java.base/java.lang.Thread.run(Thread.java:833)
[22:47:00] [Server thread/INFO]: Tower_Defenseプラグインが無効化されました
[22:47:00] [Server thread/INFO]: [WorldEdit] Disabling WorldEdit v7.3.0+6678-55745ad
[22:47:00] [Server thread/INFO]: Unregistering com.sk89q.worldedit.bukkit.BukkitServerInterface from WorldEdit
[22:47:00] [Server thread/INFO]: Saving players
[22:47:00] [Server thread/INFO]: Yukki_Moru lost connection: Server closed
[22:47:00] [Server thread/INFO]: Yukki_Moru left the game
[22:47:00] [Server thread/INFO]: Saving worlds
[22:47:00] [Server thread/INFO]: Saving chunks for level 'ServerLevel[TD_world]'/minecraft:overworld
[22:47:00] [Server thread/INFO]: [ChunkHolderManager] Waiting 60s for chunk system to halt for world 'TD_world'
[22:47:00] [Server thread/INFO]: [ChunkHolderManager] Halted chunk system for world 'TD_world'
[22:47:00] [Server thread/INFO]: [ChunkHolderManager] Saving all chunkholders for world 'TD_world'
[22:47:00] [Server thread/INFO]: [ChunkHolderManager] Saved 1445 block chunks, 1445 entity chunks, 0 poi chunks in world 'TD_world' in 0.48s
[22:47:00] [Server thread/INFO]: ThreadedAnvilChunkStorage (TD_world): All chunks are saved
[22:47:00] [Server thread/INFO]: ThreadedAnvilChunkStorage: All dimensions are saved
[22:47:00] [Server thread/INFO]: Flushing Chunk IO
[22:47:00] [Server thread/INFO]: Closing Thread Pool
[22:47:00] [Server thread/INFO]: Closing Server
